<?xml version="1.0" encoding="UTF-8"?>
<!-- Generated by org.testng.reporters.JUnitXMLReporter -->
<testsuite hostname="DESKTOP-MTRD39T" ignored="8" name="Tests SouthSystem" tests="12" failures="3" timestamp="2021-07-08T00:13:14 BRT" time="1.8" errors="0">
  <testcase name="deveDeletarSimulacaoComSucesso" time="1.119" classname="com.digitalQA.tests.DeleteSimulacaoTests"/>
  <testcase name="deveDeletarSimulacaoIdInvalido" time="0.012" classname="com.digitalQA.tests.DeleteSimulacaoTests"/>
  <testcase name="deveVerificarCPFRestricao" time="0.497" classname="com.digitalQA.tests.GetRestricaoTests"/>
  <testcase name="deveVerificarCPFSemRestricao" time="0.01" classname="com.digitalQA.tests.GetRestricaoTests"/>
  <testcase name="deveConsultarSimulacaoInexistentePeloCpf" time="0.014" classname="com.digitalQA.tests.GetSimulacaoTests"/>
  <testcase name="deveConsultarSimulacaoPeloCpf" time="0.024" classname="com.digitalQA.tests.GetSimulacaoTests"/>
  <testcase name="deveConsultarSimulacoesVazias" time="0.011" classname="com.digitalQA.tests.GetSimulacaoTests">
    <failure type="java.lang.AssertionError" message="validacao Status Code expected [204] but found [200]">
      <![CDATA[java.lang.AssertionError: validacao Status Code expected [204] but found [200]
at com.digitalQA.tests.GetSimulacaoTests.deveConsultarSimulacoesVazias(GetSimulacaoTests.java:50)
at java.util.ArrayList.forEach(ArrayList.java:1259)
... Removed 34 stack frames]]>
    </failure>
  </testcase> <!-- deveConsultarSimulacoesVazias -->
  <testcase name="deveConsultarTodasSimulacoes" time="0.009" classname="com.digitalQA.tests.GetSimulacaoTests"/>
  <testcase name="deveCriarSimulacaoComFalha" time="0.016" classname="com.digitalQA.tests.PostSimulacaoTests">
    <failure type="java.lang.AssertionError" message="validacao Status Code expected [400] but found [201]">
      <![CDATA[java.lang.AssertionError: validacao Status Code expected [400] but found [201]
at com.digitalQA.tests.PostSimulacaoTests.deveCriarSimulacaoComFalha(PostSimulacaoTests.java:60)
at java.util.ArrayList.forEach(ArrayList.java:1259)
... Removed 34 stack frames]]>
    </failure>
  </testcase> <!-- deveCriarSimulacaoComFalha -->
  <testcase name="deveCriarSimulacaoComSucesso" time="0.01" classname="com.digitalQA.tests.PostSimulacaoTests">
    <failure type="java.lang.AssertionError" message="validacao Status Code expected [201] but found [400]">
      <![CDATA[java.lang.AssertionError: validacao Status Code expected [201] but found [400]
at com.digitalQA.tests.PostSimulacaoTests.deveCriarSimulacaoComSucesso(PostSimulacaoTests.java:32)
at java.util.ArrayList.forEach(ArrayList.java:1259)
... Removed 34 stack frames]]>
    </failure>
  </testcase> <!-- deveCriarSimulacaoComSucesso -->
  <testcase name="alterarSimulacaoComCpfInexistente" time="0.01" classname="com.digitalQA.tests.PutSimulacaoTests"/>
  <testcase name="deveAlterarSimulacaoComSucesso" time="0.038" classname="com.digitalQA.tests.PutSimulacaoTests"/>
  <testcase name="@AfterSuite afterSuite" time="0.0" classname="com.digitalQA.bases.TestBase">
    <ignored/>
  </testcase> <!-- @AfterSuite afterSuite -->
  <testcase name="@AfterSuite afterSuite" time="0.0" classname="com.digitalQA.bases.TestBase">
    <ignored/>
  </testcase> <!-- @AfterSuite afterSuite -->
  <testcase name="@AfterSuite afterSuite" time="0.0" classname="com.digitalQA.bases.TestBase">
    <ignored/>
  </testcase> <!-- @AfterSuite afterSuite -->
  <testcase name="@AfterSuite afterSuite" time="0.0" classname="com.digitalQA.bases.TestBase">
    <ignored/>
  </testcase> <!-- @AfterSuite afterSuite -->
  <testcase name="@BeforeSuite beforSuite" time="0.0" classname="com.digitalQA.bases.TestBase">
    <ignored/>
  </testcase> <!-- @BeforeSuite beforSuite -->
  <testcase name="@BeforeSuite beforSuite" time="0.0" classname="com.digitalQA.bases.TestBase">
    <ignored/>
  </testcase> <!-- @BeforeSuite beforSuite -->
  <testcase name="@BeforeSuite beforSuite" time="0.0" classname="com.digitalQA.bases.TestBase">
    <ignored/>
  </testcase> <!-- @BeforeSuite beforSuite -->
  <testcase name="@BeforeSuite beforSuite" time="0.0" classname="com.digitalQA.bases.TestBase">
    <ignored/>
  </testcase> <!-- @BeforeSuite beforSuite -->
</testsuite> <!-- Tests SouthSystem -->
