<?xml version="1.0" encoding="UTF-8"?>
<testng-results skipped="0" failed="3" ignored="8" total="20" passed="9">
  <reporter-output>
  </reporter-output>
  <suite name="Testing Suite" duration-ms="1800" started-at="2021-07-08T00:13:12 BRT" finished-at="2021-07-08T00:13:14 BRT">
    <groups>
    </groups>
    <test name="Tests SouthSystem" duration-ms="1800" started-at="2021-07-08T00:13:12 BRT" finished-at="2021-07-08T00:13:14 BRT">
      <class name="com.digitalQA.tests.DeleteSimulacaoTests">
        <test-method status="PASS" signature="beforSuite()[pri:0, instance:com.digitalQA.tests.DeleteSimulacaoTests@66480dd7]" name="beforSuite" is-config="true" duration-ms="64" started-at="2021-07-08T00:13:12 BRT" finished-at="2021-07-08T00:13:12 BRT">
          <reporter-output>
          </reporter-output>
        </test-method> <!-- beforSuite -->
        <test-method status="PASS" signature="beforeTest(java.lang.reflect.Method)[pri:0, instance:com.digitalQA.tests.DeleteSimulacaoTests@66480dd7]" name="beforeTest" is-config="true" duration-ms="3" started-at="2021-07-08T00:13:12 BRT" finished-at="2021-07-08T00:13:12 BRT">
          <params>
            <param index="0">
              <value>
                <![CDATA[public void com.digitalQA.tests.DeleteSimulacaoTests.deveDeletarSimulacaoComSucesso()]]>
              </value>
            </param>
          </params>
          <reporter-output>
          </reporter-output>
        </test-method> <!-- beforeTest -->
        <test-method status="PASS" signature="deveDeletarSimulacaoComSucesso()[pri:0, instance:com.digitalQA.tests.DeleteSimulacaoTests@66480dd7]" name="deveDeletarSimulacaoComSucesso" duration-ms="1119" started-at="2021-07-08T00:13:12 BRT" finished-at="2021-07-08T00:13:13 BRT">
          <reporter-output>
          </reporter-output>
        </test-method> <!-- deveDeletarSimulacaoComSucesso -->
        <test-method status="PASS" signature="afterTest(org.testng.ITestResult)[pri:0, instance:com.digitalQA.tests.DeleteSimulacaoTests@66480dd7]" name="afterTest" is-config="true" duration-ms="1" started-at="2021-07-08T00:13:13 BRT" finished-at="2021-07-08T00:13:13 BRT">
          <params>
            <param index="0">
              <value>
                <![CDATA[[TestResult name=deveDeletarSimulacaoComSucesso status=SUCCESS method=DeleteSimulacaoTests.deveDeletarSimulacaoComSucesso()[pri:0, instance:com.digitalQA.tests.DeleteSimulacaoTests@66480dd7] output={null}]]]>
              </value>
            </param>
          </params>
          <reporter-output>
          </reporter-output>
        </test-method> <!-- afterTest -->
        <test-method status="PASS" signature="deveDeletarSimulacaoIdInvalido()[pri:0, instance:com.digitalQA.tests.DeleteSimulacaoTests@66480dd7]" name="deveDeletarSimulacaoIdInvalido" duration-ms="12" started-at="2021-07-08T00:13:13 BRT" finished-at="2021-07-08T00:13:13 BRT">
          <reporter-output>
          </reporter-output>
        </test-method> <!-- deveDeletarSimulacaoIdInvalido -->
        <test-method status="PASS" signature="beforeTest(java.lang.reflect.Method)[pri:0, instance:com.digitalQA.tests.DeleteSimulacaoTests@66480dd7]" name="beforeTest" is-config="true" duration-ms="0" started-at="2021-07-08T00:13:13 BRT" finished-at="2021-07-08T00:13:13 BRT">
          <params>
            <param index="0">
              <value>
                <![CDATA[public void com.digitalQA.tests.DeleteSimulacaoTests.deveDeletarSimulacaoIdInvalido()]]>
              </value>
            </param>
          </params>
          <reporter-output>
          </reporter-output>
        </test-method> <!-- beforeTest -->
        <test-method status="PASS" signature="afterTest(org.testng.ITestResult)[pri:0, instance:com.digitalQA.tests.DeleteSimulacaoTests@66480dd7]" name="afterTest" is-config="true" duration-ms="0" started-at="2021-07-08T00:13:13 BRT" finished-at="2021-07-08T00:13:13 BRT">
          <params>
            <param index="0">
              <value>
                <![CDATA[[TestResult name=deveDeletarSimulacaoIdInvalido status=SUCCESS method=DeleteSimulacaoTests.deveDeletarSimulacaoIdInvalido()[pri:0, instance:com.digitalQA.tests.DeleteSimulacaoTests@66480dd7] output={null}]]]>
              </value>
            </param>
          </params>
          <reporter-output>
          </reporter-output>
        </test-method> <!-- afterTest -->
        <test-method status="PASS" signature="afterSuite()[pri:0, instance:com.digitalQA.tests.DeleteSimulacaoTests@66480dd7]" name="afterSuite" is-config="true" duration-ms="146" started-at="2021-07-08T00:13:14 BRT" finished-at="2021-07-08T00:13:14 BRT">
          <reporter-output>
          </reporter-output>
        </test-method> <!-- afterSuite -->
      </class> <!-- com.digitalQA.tests.DeleteSimulacaoTests -->
      <class name="com.digitalQA.tests.GetRestricaoTests">
        <test-method status="PASS" signature="beforeTest(java.lang.reflect.Method)[pri:0, instance:com.digitalQA.tests.GetRestricaoTests@52a86356]" name="beforeTest" is-config="true" duration-ms="0" started-at="2021-07-08T00:13:13 BRT" finished-at="2021-07-08T00:13:13 BRT">
          <params>
            <param index="0">
              <value>
                <![CDATA[public void com.digitalQA.tests.GetRestricaoTests.deveVerificarCPFRestricao() throws java.io.IOException]]>
              </value>
            </param>
          </params>
          <reporter-output>
          </reporter-output>
        </test-method> <!-- beforeTest -->
        <test-method status="PASS" signature="deveVerificarCPFRestricao()[pri:0, instance:com.digitalQA.tests.GetRestricaoTests@52a86356]" name="deveVerificarCPFRestricao" duration-ms="497" started-at="2021-07-08T00:13:13 BRT" finished-at="2021-07-08T00:13:14 BRT">
          <reporter-output>
          </reporter-output>
        </test-method> <!-- deveVerificarCPFRestricao -->
        <test-method status="PASS" signature="afterTest(org.testng.ITestResult)[pri:0, instance:com.digitalQA.tests.GetRestricaoTests@52a86356]" name="afterTest" is-config="true" duration-ms="1" started-at="2021-07-08T00:13:14 BRT" finished-at="2021-07-08T00:13:14 BRT">
          <params>
            <param index="0">
              <value>
                <![CDATA[[TestResult name=deveVerificarCPFRestricao status=SUCCESS method=GetRestricaoTests.deveVerificarCPFRestricao()[pri:0, instance:com.digitalQA.tests.GetRestricaoTests@52a86356] output={null}]]]>
              </value>
            </param>
          </params>
          <reporter-output>
          </reporter-output>
        </test-method> <!-- afterTest -->
        <test-method status="PASS" signature="deveVerificarCPFSemRestricao()[pri:0, instance:com.digitalQA.tests.GetRestricaoTests@52a86356]" name="deveVerificarCPFSemRestricao" duration-ms="10" started-at="2021-07-08T00:13:14 BRT" finished-at="2021-07-08T00:13:14 BRT">
          <reporter-output>
          </reporter-output>
        </test-method> <!-- deveVerificarCPFSemRestricao -->
        <test-method status="PASS" signature="beforeTest(java.lang.reflect.Method)[pri:0, instance:com.digitalQA.tests.GetRestricaoTests@52a86356]" name="beforeTest" is-config="true" duration-ms="0" started-at="2021-07-08T00:13:14 BRT" finished-at="2021-07-08T00:13:14 BRT">
          <params>
            <param index="0">
              <value>
                <![CDATA[public void com.digitalQA.tests.GetRestricaoTests.deveVerificarCPFSemRestricao()]]>
              </value>
            </param>
          </params>
          <reporter-output>
          </reporter-output>
        </test-method> <!-- beforeTest -->
        <test-method status="PASS" signature="afterTest(org.testng.ITestResult)[pri:0, instance:com.digitalQA.tests.GetRestricaoTests@52a86356]" name="afterTest" is-config="true" duration-ms="0" started-at="2021-07-08T00:13:14 BRT" finished-at="2021-07-08T00:13:14 BRT">
          <params>
            <param index="0">
              <value>
                <![CDATA[[TestResult name=deveVerificarCPFSemRestricao status=SUCCESS method=GetRestricaoTests.deveVerificarCPFSemRestricao()[pri:0, instance:com.digitalQA.tests.GetRestricaoTests@52a86356] output={null}]]]>
              </value>
            </param>
          </params>
          <reporter-output>
          </reporter-output>
        </test-method> <!-- afterTest -->
      </class> <!-- com.digitalQA.tests.GetRestricaoTests -->
      <class name="com.digitalQA.tests.PutSimulacaoTests">
        <test-method status="PASS" signature="beforeTest(java.lang.reflect.Method)[pri:0, instance:com.digitalQA.tests.PutSimulacaoTests@5ec0a365]" name="beforeTest" is-config="true" duration-ms="1" started-at="2021-07-08T00:13:14 BRT" finished-at="2021-07-08T00:13:14 BRT">
          <params>
            <param index="0">
              <value>
                <![CDATA[public void com.digitalQA.tests.PutSimulacaoTests.alterarSimulacaoComCpfInexistente()]]>
              </value>
            </param>
          </params>
          <reporter-output>
          </reporter-output>
        </test-method> <!-- beforeTest -->
        <test-method status="PASS" signature="alterarSimulacaoComCpfInexistente()[pri:0, instance:com.digitalQA.tests.PutSimulacaoTests@5ec0a365]" name="alterarSimulacaoComCpfInexistente" duration-ms="10" started-at="2021-07-08T00:13:14 BRT" finished-at="2021-07-08T00:13:14 BRT">
          <reporter-output>
          </reporter-output>
        </test-method> <!-- alterarSimulacaoComCpfInexistente -->
        <test-method status="PASS" signature="deveAlterarSimulacaoComSucesso()[pri:0, instance:com.digitalQA.tests.PutSimulacaoTests@5ec0a365]" name="deveAlterarSimulacaoComSucesso" duration-ms="38" started-at="2021-07-08T00:13:14 BRT" finished-at="2021-07-08T00:13:14 BRT">
          <reporter-output>
          </reporter-output>
        </test-method> <!-- deveAlterarSimulacaoComSucesso -->
        <test-method status="PASS" signature="beforeTest(java.lang.reflect.Method)[pri:0, instance:com.digitalQA.tests.PutSimulacaoTests@5ec0a365]" name="beforeTest" is-config="true" duration-ms="0" started-at="2021-07-08T00:13:14 BRT" finished-at="2021-07-08T00:13:14 BRT">
          <params>
            <param index="0">
              <value>
                <![CDATA[public void com.digitalQA.tests.PutSimulacaoTests.deveAlterarSimulacaoComSucesso()]]>
              </value>
            </param>
          </params>
          <reporter-output>
          </reporter-output>
        </test-method> <!-- beforeTest -->
        <test-method status="PASS" signature="afterTest(org.testng.ITestResult)[pri:0, instance:com.digitalQA.tests.PutSimulacaoTests@5ec0a365]" name="afterTest" is-config="true" duration-ms="0" started-at="2021-07-08T00:13:14 BRT" finished-at="2021-07-08T00:13:14 BRT">
          <params>
            <param index="0">
              <value>
                <![CDATA[[TestResult name=alterarSimulacaoComCpfInexistente status=SUCCESS method=PutSimulacaoTests.alterarSimulacaoComCpfInexistente()[pri:0, instance:com.digitalQA.tests.PutSimulacaoTests@5ec0a365] output={null}]]]>
              </value>
            </param>
          </params>
          <reporter-output>
          </reporter-output>
        </test-method> <!-- afterTest -->
        <test-method status="PASS" signature="afterTest(org.testng.ITestResult)[pri:0, instance:com.digitalQA.tests.PutSimulacaoTests@5ec0a365]" name="afterTest" is-config="true" duration-ms="0" started-at="2021-07-08T00:13:14 BRT" finished-at="2021-07-08T00:13:14 BRT">
          <params>
            <param index="0">
              <value>
                <![CDATA[[TestResult name=deveAlterarSimulacaoComSucesso status=SUCCESS method=PutSimulacaoTests.deveAlterarSimulacaoComSucesso()[pri:0, instance:com.digitalQA.tests.PutSimulacaoTests@5ec0a365] output={null}]]]>
              </value>
            </param>
          </params>
          <reporter-output>
          </reporter-output>
        </test-method> <!-- afterTest -->
      </class> <!-- com.digitalQA.tests.PutSimulacaoTests -->
      <class name="com.digitalQA.tests.GetSimulacaoTests">
        <test-method status="PASS" signature="beforeTest(java.lang.reflect.Method)[pri:0, instance:com.digitalQA.tests.GetSimulacaoTests@5ce81285]" name="beforeTest" is-config="true" duration-ms="0" started-at="2021-07-08T00:13:14 BRT" finished-at="2021-07-08T00:13:14 BRT">
          <params>
            <param index="0">
              <value>
                <![CDATA[public void com.digitalQA.tests.GetSimulacaoTests.deveConsultarSimulacaoInexistentePeloCpf()]]>
              </value>
            </param>
          </params>
          <reporter-output>
          </reporter-output>
        </test-method> <!-- beforeTest -->
        <test-method status="PASS" signature="deveConsultarSimulacaoInexistentePeloCpf()[pri:0, instance:com.digitalQA.tests.GetSimulacaoTests@5ce81285]" name="deveConsultarSimulacaoInexistentePeloCpf" duration-ms="14" started-at="2021-07-08T00:13:14 BRT" finished-at="2021-07-08T00:13:14 BRT">
          <reporter-output>
          </reporter-output>
        </test-method> <!-- deveConsultarSimulacaoInexistentePeloCpf -->
        <test-method status="PASS" signature="afterTest(org.testng.ITestResult)[pri:0, instance:com.digitalQA.tests.GetSimulacaoTests@5ce81285]" name="afterTest" is-config="true" duration-ms="0" started-at="2021-07-08T00:13:14 BRT" finished-at="2021-07-08T00:13:14 BRT">
          <params>
            <param index="0">
              <value>
                <![CDATA[[TestResult name=deveConsultarSimulacaoInexistentePeloCpf status=SUCCESS method=GetSimulacaoTests.deveConsultarSimulacaoInexistentePeloCpf()[pri:0, instance:com.digitalQA.tests.GetSimulacaoTests@5ce81285] output={null}]]]>
              </value>
            </param>
          </params>
          <reporter-output>
          </reporter-output>
        </test-method> <!-- afterTest -->
        <test-method status="PASS" signature="deveConsultarSimulacaoPeloCpf()[pri:0, instance:com.digitalQA.tests.GetSimulacaoTests@5ce81285]" name="deveConsultarSimulacaoPeloCpf" duration-ms="24" started-at="2021-07-08T00:13:14 BRT" finished-at="2021-07-08T00:13:14 BRT">
          <reporter-output>
          </reporter-output>
        </test-method> <!-- deveConsultarSimulacaoPeloCpf -->
        <test-method status="PASS" signature="beforeTest(java.lang.reflect.Method)[pri:0, instance:com.digitalQA.tests.GetSimulacaoTests@5ce81285]" name="beforeTest" is-config="true" duration-ms="0" started-at="2021-07-08T00:13:14 BRT" finished-at="2021-07-08T00:13:14 BRT">
          <params>
            <param index="0">
              <value>
                <![CDATA[public void com.digitalQA.tests.GetSimulacaoTests.deveConsultarSimulacaoPeloCpf()]]>
              </value>
            </param>
          </params>
          <reporter-output>
          </reporter-output>
        </test-method> <!-- beforeTest -->
        <test-method status="PASS" signature="afterTest(org.testng.ITestResult)[pri:0, instance:com.digitalQA.tests.GetSimulacaoTests@5ce81285]" name="afterTest" is-config="true" duration-ms="1" started-at="2021-07-08T00:13:14 BRT" finished-at="2021-07-08T00:13:14 BRT">
          <params>
            <param index="0">
              <value>
                <![CDATA[[TestResult name=deveConsultarSimulacaoPeloCpf status=SUCCESS method=GetSimulacaoTests.deveConsultarSimulacaoPeloCpf()[pri:0, instance:com.digitalQA.tests.GetSimulacaoTests@5ce81285] output={null}]]]>
              </value>
            </param>
          </params>
          <reporter-output>
          </reporter-output>
        </test-method> <!-- afterTest -->
        <test-method status="FAIL" signature="deveConsultarSimulacoesVazias()[pri:0, instance:com.digitalQA.tests.GetSimulacaoTests@5ce81285]" name="deveConsultarSimulacoesVazias" duration-ms="11" started-at="2021-07-08T00:13:14 BRT" finished-at="2021-07-08T00:13:14 BRT">
          <exception class="java.lang.AssertionError">
            <message>
              <![CDATA[validacao Status Code expected [204] but found [200]]]>
            </message>
            <full-stacktrace>
              <![CDATA[java.lang.AssertionError: validacao Status Code expected [204] but found [200]
at org.testng.Assert.fail(Assert.java:97)
at org.testng.Assert.assertEqualsImpl(Assert.java:136)
at org.testng.Assert.assertEquals(Assert.java:118)
at org.testng.Assert.assertEquals(Assert.java:839)
at com.digitalQA.tests.GetSimulacaoTests.deveConsultarSimulacoesVazias(GetSimulacaoTests.java:50)
at sun.reflect.NativeMethodAccessorImpl.invoke0(Native Method)
at sun.reflect.NativeMethodAccessorImpl.invoke(NativeMethodAccessorImpl.java:62)
at sun.reflect.DelegatingMethodAccessorImpl.invoke(DelegatingMethodAccessorImpl.java:43)
at java.lang.reflect.Method.invoke(Method.java:498)
at org.testng.internal.MethodInvocationHelper.invokeMethod(MethodInvocationHelper.java:134)
at org.testng.internal.TestInvoker.invokeMethod(TestInvoker.java:597)
at org.testng.internal.TestInvoker.invokeTestMethod(TestInvoker.java:173)
at org.testng.internal.MethodRunner.runInSequence(MethodRunner.java:46)
at org.testng.internal.TestInvoker$MethodInvocationAgent.invoke(TestInvoker.java:816)
at org.testng.internal.TestInvoker.invokeTestMethods(TestInvoker.java:146)
at org.testng.internal.TestMethodWorker.invokeTestMethods(TestMethodWorker.java:146)
at org.testng.internal.TestMethodWorker.run(TestMethodWorker.java:128)
at java.util.ArrayList.forEach(ArrayList.java:1259)
at org.testng.TestRunner.privateRun(TestRunner.java:766)
at org.testng.TestRunner.run(TestRunner.java:587)
at org.testng.SuiteRunner.runTest(SuiteRunner.java:384)
at org.testng.SuiteRunner.runSequentially(SuiteRunner.java:378)
at org.testng.SuiteRunner.privateRun(SuiteRunner.java:337)
at org.testng.SuiteRunner.run(SuiteRunner.java:286)
at org.testng.SuiteRunnerWorker.runSuite(SuiteRunnerWorker.java:53)
at org.testng.SuiteRunnerWorker.run(SuiteRunnerWorker.java:96)
at org.testng.TestNG.runSuitesSequentially(TestNG.java:1187)
at org.testng.TestNG.runSuitesLocally(TestNG.java:1109)
at org.testng.TestNG.runSuites(TestNG.java:1039)
at org.testng.TestNG.run(TestNG.java:1007)
at org.apache.maven.surefire.testng.TestNGExecutor.run(TestNGExecutor.java:281)
at org.apache.maven.surefire.testng.TestNGXmlTestSuite.execute(TestNGXmlTestSuite.java:75)
at org.apache.maven.surefire.testng.TestNGProvider.invoke(TestNGProvider.java:121)
at org.apache.maven.surefire.booter.ForkedBooter.invokeProviderInSameClassLoader(ForkedBooter.java:290)
at org.apache.maven.surefire.booter.ForkedBooter.runSuitesInProcess(ForkedBooter.java:242)
at org.apache.maven.surefire.booter.ForkedBooter.main(ForkedBooter.java:121)
]]>
            </full-stacktrace>
          </exception> <!-- java.lang.AssertionError -->
          <reporter-output>
          </reporter-output>
        </test-method> <!-- deveConsultarSimulacoesVazias -->
        <test-method status="PASS" signature="beforeTest(java.lang.reflect.Method)[pri:0, instance:com.digitalQA.tests.GetSimulacaoTests@5ce81285]" name="beforeTest" is-config="true" duration-ms="0" started-at="2021-07-08T00:13:14 BRT" finished-at="2021-07-08T00:13:14 BRT">
          <params>
            <param index="0">
              <value>
                <![CDATA[public void com.digitalQA.tests.GetSimulacaoTests.deveConsultarSimulacoesVazias()]]>
              </value>
            </param>
          </params>
          <reporter-output>
          </reporter-output>
        </test-method> <!-- beforeTest -->
        <test-method status="PASS" signature="afterTest(org.testng.ITestResult)[pri:0, instance:com.digitalQA.tests.GetSimulacaoTests@5ce81285]" name="afterTest" is-config="true" duration-ms="1" started-at="2021-07-08T00:13:14 BRT" finished-at="2021-07-08T00:13:14 BRT">
          <params>
            <param index="0">
              <value>
                <![CDATA[[TestResult name=deveConsultarSimulacoesVazias status=FAILURE method=GetSimulacaoTests.deveConsultarSimulacoesVazias()[pri:0, instance:com.digitalQA.tests.GetSimulacaoTests@5ce81285] output={null}]]]>
              </value>
            </param>
          </params>
          <reporter-output>
          </reporter-output>
        </test-method> <!-- afterTest -->
        <test-method status="PASS" signature="beforeTest(java.lang.reflect.Method)[pri:0, instance:com.digitalQA.tests.GetSimulacaoTests@5ce81285]" name="beforeTest" is-config="true" duration-ms="0" started-at="2021-07-08T00:13:14 BRT" finished-at="2021-07-08T00:13:14 BRT">
          <params>
            <param index="0">
              <value>
                <![CDATA[public void com.digitalQA.tests.GetSimulacaoTests.deveConsultarTodasSimulacoes()]]>
              </value>
            </param>
          </params>
          <reporter-output>
          </reporter-output>
        </test-method> <!-- beforeTest -->
        <test-method status="PASS" signature="deveConsultarTodasSimulacoes()[pri:0, instance:com.digitalQA.tests.GetSimulacaoTests@5ce81285]" name="deveConsultarTodasSimulacoes" duration-ms="9" started-at="2021-07-08T00:13:14 BRT" finished-at="2021-07-08T00:13:14 BRT">
          <reporter-output>
          </reporter-output>
        </test-method> <!-- deveConsultarTodasSimulacoes -->
        <test-method status="PASS" signature="afterTest(org.testng.ITestResult)[pri:0, instance:com.digitalQA.tests.GetSimulacaoTests@5ce81285]" name="afterTest" is-config="true" duration-ms="0" started-at="2021-07-08T00:13:14 BRT" finished-at="2021-07-08T00:13:14 BRT">
          <params>
            <param index="0">
              <value>
                <![CDATA[[TestResult name=deveConsultarTodasSimulacoes status=SUCCESS method=GetSimulacaoTests.deveConsultarTodasSimulacoes()[pri:0, instance:com.digitalQA.tests.GetSimulacaoTests@5ce81285] output={null}]]]>
              </value>
            </param>
          </params>
          <reporter-output>
          </reporter-output>
        </test-method> <!-- afterTest -->
      </class> <!-- com.digitalQA.tests.GetSimulacaoTests -->
      <class name="com.digitalQA.tests.PostSimulacaoTests">
        <test-method status="FAIL" signature="deveCriarSimulacaoComFalha()[pri:0, instance:com.digitalQA.tests.PostSimulacaoTests@78c03f1f]" name="deveCriarSimulacaoComFalha" duration-ms="16" started-at="2021-07-08T00:13:14 BRT" finished-at="2021-07-08T00:13:14 BRT">
          <exception class="java.lang.AssertionError">
            <message>
              <![CDATA[validacao Status Code expected [400] but found [201]]]>
            </message>
            <full-stacktrace>
              <![CDATA[java.lang.AssertionError: validacao Status Code expected [400] but found [201]
at org.testng.Assert.fail(Assert.java:97)
at org.testng.Assert.assertEqualsImpl(Assert.java:136)
at org.testng.Assert.assertEquals(Assert.java:118)
at org.testng.Assert.assertEquals(Assert.java:839)
at com.digitalQA.tests.PostSimulacaoTests.deveCriarSimulacaoComFalha(PostSimulacaoTests.java:60)
at sun.reflect.NativeMethodAccessorImpl.invoke0(Native Method)
at sun.reflect.NativeMethodAccessorImpl.invoke(NativeMethodAccessorImpl.java:62)
at sun.reflect.DelegatingMethodAccessorImpl.invoke(DelegatingMethodAccessorImpl.java:43)
at java.lang.reflect.Method.invoke(Method.java:498)
at org.testng.internal.MethodInvocationHelper.invokeMethod(MethodInvocationHelper.java:134)
at org.testng.internal.TestInvoker.invokeMethod(TestInvoker.java:597)
at org.testng.internal.TestInvoker.invokeTestMethod(TestInvoker.java:173)
at org.testng.internal.MethodRunner.runInSequence(MethodRunner.java:46)
at org.testng.internal.TestInvoker$MethodInvocationAgent.invoke(TestInvoker.java:816)
at org.testng.internal.TestInvoker.invokeTestMethods(TestInvoker.java:146)
at org.testng.internal.TestMethodWorker.invokeTestMethods(TestMethodWorker.java:146)
at org.testng.internal.TestMethodWorker.run(TestMethodWorker.java:128)
at java.util.ArrayList.forEach(ArrayList.java:1259)
at org.testng.TestRunner.privateRun(TestRunner.java:766)
at org.testng.TestRunner.run(TestRunner.java:587)
at org.testng.SuiteRunner.runTest(SuiteRunner.java:384)
at org.testng.SuiteRunner.runSequentially(SuiteRunner.java:378)
at org.testng.SuiteRunner.privateRun(SuiteRunner.java:337)
at org.testng.SuiteRunner.run(SuiteRunner.java:286)
at org.testng.SuiteRunnerWorker.runSuite(SuiteRunnerWorker.java:53)
at org.testng.SuiteRunnerWorker.run(SuiteRunnerWorker.java:96)
at org.testng.TestNG.runSuitesSequentially(TestNG.java:1187)
at org.testng.TestNG.runSuitesLocally(TestNG.java:1109)
at org.testng.TestNG.runSuites(TestNG.java:1039)
at org.testng.TestNG.run(TestNG.java:1007)
at org.apache.maven.surefire.testng.TestNGExecutor.run(TestNGExecutor.java:281)
at org.apache.maven.surefire.testng.TestNGXmlTestSuite.execute(TestNGXmlTestSuite.java:75)
at org.apache.maven.surefire.testng.TestNGProvider.invoke(TestNGProvider.java:121)
at org.apache.maven.surefire.booter.ForkedBooter.invokeProviderInSameClassLoader(ForkedBooter.java:290)
at org.apache.maven.surefire.booter.ForkedBooter.runSuitesInProcess(ForkedBooter.java:242)
at org.apache.maven.surefire.booter.ForkedBooter.main(ForkedBooter.java:121)
]]>
            </full-stacktrace>
          </exception> <!-- java.lang.AssertionError -->
          <reporter-output>
          </reporter-output>
        </test-method> <!-- deveCriarSimulacaoComFalha -->
        <test-method status="PASS" signature="beforeTest(java.lang.reflect.Method)[pri:0, instance:com.digitalQA.tests.PostSimulacaoTests@78c03f1f]" name="beforeTest" is-config="true" duration-ms="0" started-at="2021-07-08T00:13:14 BRT" finished-at="2021-07-08T00:13:14 BRT">
          <params>
            <param index="0">
              <value>
                <![CDATA[public void com.digitalQA.tests.PostSimulacaoTests.deveCriarSimulacaoComFalha()]]>
              </value>
            </param>
          </params>
          <reporter-output>
          </reporter-output>
        </test-method> <!-- beforeTest -->
        <test-method status="PASS" signature="beforeTest(java.lang.reflect.Method)[pri:0, instance:com.digitalQA.tests.PostSimulacaoTests@78c03f1f]" name="beforeTest" is-config="true" duration-ms="0" started-at="2021-07-08T00:13:14 BRT" finished-at="2021-07-08T00:13:14 BRT">
          <params>
            <param index="0">
              <value>
                <![CDATA[public void com.digitalQA.tests.PostSimulacaoTests.deveCriarSimulacaoComSucesso()]]>
              </value>
            </param>
          </params>
          <reporter-output>
          </reporter-output>
        </test-method> <!-- beforeTest -->
        <test-method status="PASS" signature="afterTest(org.testng.ITestResult)[pri:0, instance:com.digitalQA.tests.PostSimulacaoTests@78c03f1f]" name="afterTest" is-config="true" duration-ms="0" started-at="2021-07-08T00:13:14 BRT" finished-at="2021-07-08T00:13:14 BRT">
          <params>
            <param index="0">
              <value>
                <![CDATA[[TestResult name=deveCriarSimulacaoComFalha status=FAILURE method=PostSimulacaoTests.deveCriarSimulacaoComFalha()[pri:0, instance:com.digitalQA.tests.PostSimulacaoTests@78c03f1f] output={null}]]]>
              </value>
            </param>
          </params>
          <reporter-output>
          </reporter-output>
        </test-method> <!-- afterTest -->
        <test-method status="FAIL" signature="deveCriarSimulacaoComSucesso()[pri:0, instance:com.digitalQA.tests.PostSimulacaoTests@78c03f1f]" name="deveCriarSimulacaoComSucesso" duration-ms="10" started-at="2021-07-08T00:13:14 BRT" finished-at="2021-07-08T00:13:14 BRT">
          <exception class="java.lang.AssertionError">
            <message>
              <![CDATA[validacao Status Code expected [201] but found [400]]]>
            </message>
            <full-stacktrace>
              <![CDATA[java.lang.AssertionError: validacao Status Code expected [201] but found [400]
at org.testng.Assert.fail(Assert.java:97)
at org.testng.Assert.assertEqualsImpl(Assert.java:136)
at org.testng.Assert.assertEquals(Assert.java:118)
at org.testng.Assert.assertEquals(Assert.java:839)
at com.digitalQA.tests.PostSimulacaoTests.deveCriarSimulacaoComSucesso(PostSimulacaoTests.java:32)
at sun.reflect.NativeMethodAccessorImpl.invoke0(Native Method)
at sun.reflect.NativeMethodAccessorImpl.invoke(NativeMethodAccessorImpl.java:62)
at sun.reflect.DelegatingMethodAccessorImpl.invoke(DelegatingMethodAccessorImpl.java:43)
at java.lang.reflect.Method.invoke(Method.java:498)
at org.testng.internal.MethodInvocationHelper.invokeMethod(MethodInvocationHelper.java:134)
at org.testng.internal.TestInvoker.invokeMethod(TestInvoker.java:597)
at org.testng.internal.TestInvoker.invokeTestMethod(TestInvoker.java:173)
at org.testng.internal.MethodRunner.runInSequence(MethodRunner.java:46)
at org.testng.internal.TestInvoker$MethodInvocationAgent.invoke(TestInvoker.java:816)
at org.testng.internal.TestInvoker.invokeTestMethods(TestInvoker.java:146)
at org.testng.internal.TestMethodWorker.invokeTestMethods(TestMethodWorker.java:146)
at org.testng.internal.TestMethodWorker.run(TestMethodWorker.java:128)
at java.util.ArrayList.forEach(ArrayList.java:1259)
at org.testng.TestRunner.privateRun(TestRunner.java:766)
at org.testng.TestRunner.run(TestRunner.java:587)
at org.testng.SuiteRunner.runTest(SuiteRunner.java:384)
at org.testng.SuiteRunner.runSequentially(SuiteRunner.java:378)
at org.testng.SuiteRunner.privateRun(SuiteRunner.java:337)
at org.testng.SuiteRunner.run(SuiteRunner.java:286)
at org.testng.SuiteRunnerWorker.runSuite(SuiteRunnerWorker.java:53)
at org.testng.SuiteRunnerWorker.run(SuiteRunnerWorker.java:96)
at org.testng.TestNG.runSuitesSequentially(TestNG.java:1187)
at org.testng.TestNG.runSuitesLocally(TestNG.java:1109)
at org.testng.TestNG.runSuites(TestNG.java:1039)
at org.testng.TestNG.run(TestNG.java:1007)
at org.apache.maven.surefire.testng.TestNGExecutor.run(TestNGExecutor.java:281)
at org.apache.maven.surefire.testng.TestNGXmlTestSuite.execute(TestNGXmlTestSuite.java:75)
at org.apache.maven.surefire.testng.TestNGProvider.invoke(TestNGProvider.java:121)
at org.apache.maven.surefire.booter.ForkedBooter.invokeProviderInSameClassLoader(ForkedBooter.java:290)
at org.apache.maven.surefire.booter.ForkedBooter.runSuitesInProcess(ForkedBooter.java:242)
at org.apache.maven.surefire.booter.ForkedBooter.main(ForkedBooter.java:121)
]]>
            </full-stacktrace>
          </exception> <!-- java.lang.AssertionError -->
          <reporter-output>
          </reporter-output>
        </test-method> <!-- deveCriarSimulacaoComSucesso -->
        <test-method status="PASS" signature="afterTest(org.testng.ITestResult)[pri:0, instance:com.digitalQA.tests.PostSimulacaoTests@78c03f1f]" name="afterTest" is-config="true" duration-ms="0" started-at="2021-07-08T00:13:14 BRT" finished-at="2021-07-08T00:13:14 BRT">
          <params>
            <param index="0">
              <value>
                <![CDATA[[TestResult name=deveCriarSimulacaoComSucesso status=FAILURE method=PostSimulacaoTests.deveCriarSimulacaoComSucesso()[pri:0, instance:com.digitalQA.tests.PostSimulacaoTests@78c03f1f] output={null}]]]>
              </value>
            </param>
          </params>
          <reporter-output>
          </reporter-output>
        </test-method> <!-- afterTest -->
      </class> <!-- com.digitalQA.tests.PostSimulacaoTests -->
    </test> <!-- Tests SouthSystem -->
  </suite> <!-- Testing Suite -->
</testng-results>
